Using pre-set license
Built from '2020.3/release' branch; Version is '2020.3.7f1 (dd97f2c94397) revision 14522354'; Using compiler version '192528614'; Build Type 'Release'
OS: 'Windows 10 Home; OS build 19041.928; Version 2004; 64bit' Language: 'en' Physical Memory: 8034 MB
BatchMode: 1, IsHumanControllingUs: 0, StartBugReporterOnCrash: 0, Is64bit: 1, IsPro: 0

 COMMAND LINE ARGUMENTS:
C:\Program Files\Unity\Hub\Editor\2020.3.7f1\Editor\Unity.exe
-adb2
-batchMode
-noUpm
-name
AssetImportWorker0
-projectPath
C:/Users/Josh/TheNeverend
-logFile
Logs/AssetImportWorker0.log
-srvPort
52635
Successfully changed project path to: C:/Users/Josh/TheNeverend
C:/Users/Josh/TheNeverend
Using Asset Import Pipeline V2.
Refreshing native plugins compatible for Editor in 35.73 ms, found 1 plugins.
Preloading 0 native plugins for Editor in 0.00 ms.
Initialize engine version: 2020.3.7f1 (dd97f2c94397)
[Subsystems] Discovering subsystems at path C:/Program Files/Unity/Hub/Editor/2020.3.7f1/Editor/Data/Resources/UnitySubsystems
[Subsystems] Discovering subsystems at path C:/Users/Josh/TheNeverend/Assets
GfxDevice: creating device client; threaded=0
Direct3D:
    Version:  Direct3D 11.0 [level 11.1]
    Renderer: NVIDIA GeForce GTX 1050 (ID=0x1c91)
    Vendor:   
    VRAM:     2996 MB
    Driver:   27.21.14.5167
Initialize mono
Mono path[0] = 'C:/Program Files/Unity/Hub/Editor/2020.3.7f1/Editor/Data/Managed'
Mono path[1] = 'C:/Program Files/Unity/Hub/Editor/2020.3.7f1/Editor/Data/MonoBleedingEdge/lib/mono/unityjit'
Mono config path = 'C:/Program Files/Unity/Hub/Editor/2020.3.7f1/Editor/Data/MonoBleedingEdge/etc'
Using monoOptions --debugger-agent=transport=dt_socket,embedding=1,server=y,suspend=n,address=127.0.0.1:56232
Begin MonoManager ReloadAssembly
Registering precompiled unity dll's ...
Register platform support module: C:/Program Files/Unity/Hub/Editor/2020.3.7f1/Editor/Data/PlaybackEngines/WebGLSupport/UnityEditor.WebGL.Extensions.dll
Register platform support module: C:/Program Files/Unity/Hub/Editor/2020.3.7f1/Editor/Data/PlaybackEngines/WindowsStandaloneSupport/UnityEditor.WindowsStandalone.Extensions.dll
Registered in 0.003135 seconds.
Native extension for WindowsStandalone target not found
Native extension for WebGL target not found
Refreshing native plugins compatible for Editor in 34.80 ms, found 1 plugins.
Preloading 0 native plugins for Editor in 0.00 ms.
Mono: successfully reloaded assembly
- Completed reload, in  2.601 seconds
Platform modules already initialized, skipping
Registering precompiled user dll's ...
Registered in 0.001180 seconds.
Begin MonoManager ReloadAssembly
Native extension for WindowsStandalone target not found
Native extension for WebGL target not found
Refreshing native plugins compatible for Editor in 41.62 ms, found 1 plugins.
Preloading 0 native plugins for Editor in 0.00 ms.
Mono: successfully reloaded assembly
- Completed reload, in  0.889 seconds
Platform modules already initialized, skipping
========================================================================
Worker process is ready to serve import requests
Launched and connected shader compiler UnityShaderCompiler.exe after 0.06 seconds
Refreshing native plugins compatible for Editor in 0.38 ms, found 1 plugins.
Preloading 0 native plugins for Editor in 0.00 ms.
Unloading 1825 Unused Serialized files (Serialized files now loaded: 0)
System memory in use before: 85.5 MB.
System memory in use after: 85.5 MB.

Unloading 24 unused Assets to reduce memory usage. Loaded Objects now: 2268.
Total: 2.279000 ms (FindLiveObjects: 0.195900 ms CreateObjectMapping: 0.089700 ms MarkObjects: 1.882400 ms  DeleteObjects: 0.110100 ms)

========================================================================
Received Import Request.
  path: Assets/Spriter2UnityDX/Editor/AnimationBuilder.cs
  artifactKey: Guid(18d03050f3ba748db97fac7f4d868dbb) Importer(815301076,1909f56bfc062723c751e8b465ee728b)
Start importing Assets/Spriter2UnityDX/Editor/AnimationBuilder.cs using Guid(18d03050f3ba748db97fac7f4d868dbb) Importer(815301076,1909f56bfc062723c751e8b465ee728b)  -> (artifact id: '2b5a39569d1fb0f15ae9fe08a9ef8f9c') in 0.022474 seconds
  Import took 0.025943 seconds .

========================================================================
Received Import Request.
  Time since last request: 0.000457 seconds.
  path: Assets/Spriter2UnityDX
  artifactKey: Guid(62962d9a9d33b4ee4a10cd6e6c6d6ba4) Importer(815301076,1909f56bfc062723c751e8b465ee728b)
Start importing Assets/Spriter2UnityDX using Guid(62962d9a9d33b4ee4a10cd6e6c6d6ba4) Importer(815301076,1909f56bfc062723c751e8b465ee728b)  -> (artifact id: 'd120e0d03a2ab0d3a9b051efa8b52de5') in 0.002750 seconds
  Import took 0.005374 seconds .

========================================================================
Received Import Request.
  Time since last request: 0.000427 seconds.
  path: Assets/Spriter2UnityDX/Editor/Settings.asset
  artifactKey: Guid(cf890ff70619741bf9b6f668ec8c3b18) Importer(815301076,1909f56bfc062723c751e8b465ee728b)
Start importing Assets/Spriter2UnityDX/Editor/Settings.asset using Guid(cf890ff70619741bf9b6f668ec8c3b18) Importer(815301076,1909f56bfc062723c751e8b465ee728b)  -> (artifact id: '5f13c4eb3ea45b569f7f81d39e68f9d0') in 0.014715 seconds
  Import took 0.017640 seconds .

========================================================================
Received Import Request.
  Time since last request: 11.203806 seconds.
  path: Assets/Spriter2UnityDX/Runtime/SortingOrderUpdater.cs
  artifactKey: Guid(c4a179c16de604057bc1902978187da5) Importer(815301076,1909f56bfc062723c751e8b465ee728b)
Start importing Assets/Spriter2UnityDX/Runtime/SortingOrderUpdater.cs using Guid(c4a179c16de604057bc1902978187da5) Importer(815301076,1909f56bfc062723c751e8b465ee728b)  -> (artifact id: 'ec3bbc7de1f4efd3f25219045f3044b1') in 0.002782 seconds
  Import took 0.005914 seconds .

========================================================================
Received Import Request.
  Time since last request: 0.000950 seconds.
  path: Assets/Spriter2UnityDX/Runtime/SortingOrderUpdater.cs
  artifactKey: Guid(c4a179c16de604057bc1902978187da5) Importer(815301076,1909f56bfc062723c751e8b465ee728b)
Start importing Assets/Spriter2UnityDX/Runtime/SortingOrderUpdater.cs using Guid(c4a179c16de604057bc1902978187da5) Importer(815301076,1909f56bfc062723c751e8b465ee728b)  -> (artifact id: 'ec3bbc7de1f4efd3f25219045f3044b1') in 0.003020 seconds
  Import took 0.006078 seconds .

========================================================================
Received Import Request.
  Time since last request: 1.007852 seconds.
  path: Assets/Spriter2UnityDX/Runtime/TextureController.cs
  artifactKey: Guid(87d8dc87df01e4958ab48153b19f0ccd) Importer(815301076,1909f56bfc062723c751e8b465ee728b)
Start importing Assets/Spriter2UnityDX/Runtime/TextureController.cs using Guid(87d8dc87df01e4958ab48153b19f0ccd) Importer(815301076,1909f56bfc062723c751e8b465ee728b)  -> (artifact id: '33e5a367fc0d5eb9f392173c4a202757') in 0.004753 seconds
  Import took 0.008685 seconds .

========================================================================
Received Import Request.
  Time since last request: 0.000802 seconds.
  path: Assets/Spriter2UnityDX/Runtime/TextureController.cs
  artifactKey: Guid(87d8dc87df01e4958ab48153b19f0ccd) Importer(815301076,1909f56bfc062723c751e8b465ee728b)
Start importing Assets/Spriter2UnityDX/Runtime/TextureController.cs using Guid(87d8dc87df01e4958ab48153b19f0ccd) Importer(815301076,1909f56bfc062723c751e8b465ee728b)  -> (artifact id: '33e5a367fc0d5eb9f392173c4a202757') in 0.002614 seconds
  Import took 0.005850 seconds .

========================================================================
Received Import Request.
  Time since last request: 5.387982 seconds.
  path: Assets/Spriter2UnityDX/Runtime/EntityRenderer.cs
  artifactKey: Guid(b8e9dda14b6f34517a0d598d3320a902) Importer(815301076,1909f56bfc062723c751e8b465ee728b)
Start importing Assets/Spriter2UnityDX/Runtime/EntityRenderer.cs using Guid(b8e9dda14b6f34517a0d598d3320a902) Importer(815301076,1909f56bfc062723c751e8b465ee728b)  -> (artifact id: '19511a08d7c55634d67bef6f271b3fbe') in 0.003119 seconds
  Import took 0.007919 seconds .

========================================================================
Received Import Request.
  Time since last request: 0.001493 seconds.
  path: Assets/Spriter2UnityDX/Runtime/EntityRenderer.cs
  artifactKey: Guid(b8e9dda14b6f34517a0d598d3320a902) Importer(815301076,1909f56bfc062723c751e8b465ee728b)
Start importing Assets/Spriter2UnityDX/Runtime/EntityRenderer.cs using Guid(b8e9dda14b6f34517a0d598d3320a902) Importer(815301076,1909f56bfc062723c751e8b465ee728b)  -> (artifact id: '19511a08d7c55634d67bef6f271b3fbe') in 0.002706 seconds
  Import took 0.006791 seconds .

========================================================================
Received Prepare
Refreshing native plugins compatible for Editor in 5.98 ms, found 1 plugins.
Preloading 0 native plugins for Editor in 0.00 ms.
Unloading 10 Unused Serialized files (Serialized files now loaded: 0)
System memory in use before: 49.5 MB.
System memory in use after: 49.5 MB.

Unloading 10 unused Assets to reduce memory usage. Loaded Objects now: 2268.
Total: 2.512600 ms (FindLiveObjects: 0.188200 ms CreateObjectMapping: 0.078300 ms MarkObjects: 2.120600 ms  DeleteObjects: 0.124000 ms)

========================================================================
Received Prepare
Registering precompiled user dll's ...
Registered in 0.001217 seconds.
Begin MonoManager ReloadAssembly
Native extension for WindowsStandalone target not found
Native extension for WebGL target not found
Refreshing native plugins compatible for Editor in 0.35 ms, found 1 plugins.
Preloading 0 native plugins for Editor in 0.00 ms.
Mono: successfully reloaded assembly
- Completed reload, in  0.823 seconds
Platform modules already initialized, skipping
Refreshing native plugins compatible for Editor in 0.39 ms, found 1 plugins.
Preloading 0 native plugins for Editor in 0.00 ms.
Unloading 1820 Unused Serialized files (Serialized files now loaded: 0)
System memory in use before: 85.5 MB.
System memory in use after: 85.5 MB.

Unloading 12 unused Assets to reduce memory usage. Loaded Objects now: 2272.
Total: 2.243500 ms (FindLiveObjects: 0.190300 ms CreateObjectMapping: 0.123300 ms MarkObjects: 1.762000 ms  DeleteObjects: 0.166400 ms)

========================================================================
Received Import Request.
  Time since last request: 1338.060699 seconds.
  path: Assets/Sprites/Backgrounds/splashBackground.png
  artifactKey: Guid(d1c2d547957aa804b9f8cccb76ded736) Importer(815301076,1909f56bfc062723c751e8b465ee728b)
Start importing Assets/Sprites/Backgrounds/splashBackground.png using Guid(d1c2d547957aa804b9f8cccb76ded736) Importer(815301076,1909f56bfc062723c751e8b465ee728b)  -> (artifact id: '09384459441e8dfdc028e186bb2d5ad1') in 0.137661 seconds
  Import took 0.141467 seconds .

========================================================================
Received Prepare
Registering precompiled user dll's ...
Registered in 0.001299 seconds.
Begin MonoManager ReloadAssembly
Native extension for WindowsStandalone target not found
Native extension for WebGL target not found
Refreshing native plugins compatible for Editor in 0.36 ms, found 1 plugins.
Preloading 0 native plugins for Editor in 0.00 ms.
Mono: successfully reloaded assembly
- Completed reload, in  0.897 seconds
Platform modules already initialized, skipping
Refreshing native plugins compatible for Editor in 0.37 ms, found 1 plugins.
Preloading 0 native plugins for Editor in 0.00 ms.
Unloading 1820 Unused Serialized files (Serialized files now loaded: 0)
System memory in use before: 88.6 MB.
System memory in use after: 88.6 MB.

Unloading 12 unused Assets to reduce memory usage. Loaded Objects now: 2282.
Total: 1.973900 ms (FindLiveObjects: 0.214600 ms CreateObjectMapping: 0.078200 ms MarkObjects: 1.578300 ms  DeleteObjects: 0.101600 ms)

========================================================================
Received Prepare
Registering precompiled user dll's ...
Registered in 0.001280 seconds.
Begin MonoManager ReloadAssembly
Native extension for WindowsStandalone target not found
Native extension for WebGL target not found
Refreshing native plugins compatible for Editor in 0.38 ms, found 1 plugins.
Preloading 0 native plugins for Editor in 0.00 ms.
Mono: successfully reloaded assembly
- Completed reload, in  0.891 seconds
Platform modules already initialized, skipping
Refreshing native plugins compatible for Editor in 0.37 ms, found 1 plugins.
Preloading 0 native plugins for Editor in 0.00 ms.
Unloading 1820 Unused Serialized files (Serialized files now loaded: 0)
System memory in use before: 88.6 MB.
System memory in use after: 88.6 MB.

Unloading 12 unused Assets to reduce memory usage. Loaded Objects now: 2286.
Total: 1.805500 ms (FindLiveObjects: 0.198900 ms CreateObjectMapping: 0.064000 ms MarkObjects: 1.444900 ms  DeleteObjects: 0.096600 ms)

========================================================================
Received Prepare
Registering precompiled user dll's ...
Registered in 0.001200 seconds.
Begin MonoManager ReloadAssembly
Native extension for WindowsStandalone target not found
Native extension for WebGL target not found
Refreshing native plugins compatible for Editor in 0.37 ms, found 1 plugins.
Preloading 0 native plugins for Editor in 0.00 ms.
Mono: successfully reloaded assembly
- Completed reload, in  0.874 seconds
Platform modules already initialized, skipping
Refreshing native plugins compatible for Editor in 0.42 ms, found 1 plugins.
Preloading 0 native plugins for Editor in 0.00 ms.
Unloading 1820 Unused Serialized files (Serialized files now loaded: 0)
System memory in use before: 88.7 MB.
System memory in use after: 88.6 MB.

Unloading 12 unused Assets to reduce memory usage. Loaded Objects now: 2290.
Total: 2.212100 ms (FindLiveObjects: 0.197600 ms CreateObjectMapping: 0.068600 ms MarkObjects: 1.844300 ms  DeleteObjects: 0.100800 ms)

========================================================================
Received Prepare
Registering precompiled user dll's ...
Registered in 0.001253 seconds.
Begin MonoManager ReloadAssembly
Native extension for WindowsStandalone target not found
Native extension for WebGL target not found
Refreshing native plugins compatible for Editor in 0.39 ms, found 1 plugins.
Preloading 0 native plugins for Editor in 0.00 ms.
Mono: successfully reloaded assembly
- Completed reload, in  0.794 seconds
Platform modules already initialized, skipping
Refreshing native plugins compatible for Editor in 0.35 ms, found 1 plugins.
Preloading 0 native plugins for Editor in 0.00 ms.
Unloading 1820 Unused Serialized files (Serialized files now loaded: 0)
System memory in use before: 88.7 MB.
System memory in use after: 88.7 MB.

Unloading 12 unused Assets to reduce memory usage. Loaded Objects now: 2294.
Total: 2.160800 ms (FindLiveObjects: 0.251800 ms CreateObjectMapping: 0.100900 ms MarkObjects: 1.664700 ms  DeleteObjects: 0.142100 ms)

========================================================================
Received Import Request.
  Time since last request: 3809.792387 seconds.
  path: Assets/Scripts/playerMove.cs
  artifactKey: Guid(1b86faa11b8df4d40a853ad46388ca2c) Importer(815301076,1909f56bfc062723c751e8b465ee728b)
Start importing Assets/Scripts/playerMove.cs using Guid(1b86faa11b8df4d40a853ad46388ca2c) Importer(815301076,1909f56bfc062723c751e8b465ee728b)  -> (artifact id: 'eb6b4d90fb47360e80318894abf3afe1') in 0.004828 seconds
  Import took 0.009245 seconds .

========================================================================
Received Import Request.
  Time since last request: 0.039534 seconds.
  path: Assets/Scripts/playerMove.cs
  artifactKey: Guid(1b86faa11b8df4d40a853ad46388ca2c) Importer(815301076,1909f56bfc062723c751e8b465ee728b)
Start importing Assets/Scripts/playerMove.cs using Guid(1b86faa11b8df4d40a853ad46388ca2c) Importer(815301076,1909f56bfc062723c751e8b465ee728b)  -> (artifact id: 'eb6b4d90fb47360e80318894abf3afe1') in 0.002913 seconds
  Import took 0.005733 seconds .

========================================================================
Received Prepare
Registering precompiled user dll's ...
Registered in 0.001255 seconds.
Begin MonoManager ReloadAssembly
Native extension for WindowsStandalone target not found
Native extension for WebGL target not found
Refreshing native plugins compatible for Editor in 0.38 ms, found 1 plugins.
Preloading 0 native plugins for Editor in 0.00 ms.
Mono: successfully reloaded assembly
- Completed reload, in  0.790 seconds
Platform modules already initialized, skipping
Refreshing native plugins compatible for Editor in 0.35 ms, found 1 plugins.
Preloading 0 native plugins for Editor in 0.00 ms.
Unloading 1820 Unused Serialized files (Serialized files now loaded: 0)
System memory in use before: 88.7 MB.
System memory in use after: 88.7 MB.

Unloading 12 unused Assets to reduce memory usage. Loaded Objects now: 2298.
Total: 2.314200 ms (FindLiveObjects: 0.345300 ms CreateObjectMapping: 0.110400 ms MarkObjects: 1.714200 ms  DeleteObjects: 0.142700 ms)

========================================================================
Received Import Request.
  Time since last request: 339.084352 seconds.
  path: Assets/Scripts/key.cs
  artifactKey: Guid(c979f505aaa23524fb81568810e5b842) Importer(815301076,1909f56bfc062723c751e8b465ee728b)
Start importing Assets/Scripts/key.cs using Guid(c979f505aaa23524fb81568810e5b842) Importer(815301076,1909f56bfc062723c751e8b465ee728b)  -> (artifact id: '3e3d42cd8937580b96b8b06c11f355bc') in 0.008580 seconds
  Import took 0.012833 seconds .

========================================================================
Received Prepare
Registering precompiled user dll's ...
Registered in 0.002569 seconds.
Begin MonoManager ReloadAssembly
Native extension for WindowsStandalone target not found
Native extension for WebGL target not found
Refreshing native plugins compatible for Editor in 0.39 ms, found 1 plugins.
Preloading 0 native plugins for Editor in 0.00 ms.
Mono: successfully reloaded assembly
- Completed reload, in  0.795 seconds
Platform modules already initialized, skipping
Refreshing native plugins compatible for Editor in 0.37 ms, found 1 plugins.
Preloading 0 native plugins for Editor in 0.00 ms.
Unloading 1820 Unused Serialized files (Serialized files now loaded: 0)
System memory in use before: 88.7 MB.
System memory in use after: 88.7 MB.

Unloading 12 unused Assets to reduce memory usage. Loaded Objects now: 2302.
Total: 2.190700 ms (FindLiveObjects: 0.345000 ms CreateObjectMapping: 0.146400 ms MarkObjects: 1.590800 ms  DeleteObjects: 0.106600 ms)

========================================================================
Received Import Request.
  Time since last request: 1893.474054 seconds.
  path: Assets/Scripts/key.cs
  artifactKey: Guid(c979f505aaa23524fb81568810e5b842) Importer(815301076,1909f56bfc062723c751e8b465ee728b)
Start importing Assets/Scripts/key.cs using Guid(c979f505aaa23524fb81568810e5b842) Importer(815301076,1909f56bfc062723c751e8b465ee728b)  -> (artifact id: '2d3dfe7998007c6066f88c78f1f807d0') in 0.004940 seconds
  Import took 0.009230 seconds .

========================================================================
Received Prepare
Registering precompiled user dll's ...
Registered in 0.001130 seconds.
Begin MonoManager ReloadAssembly
Native extension for WindowsStandalone target not found
Native extension for WebGL target not found
Refreshing native plugins compatible for Editor in 0.37 ms, found 1 plugins.
Preloading 0 native plugins for Editor in 0.00 ms.
Mono: successfully reloaded assembly
- Completed reload, in  0.777 seconds
Platform modules already initialized, skipping
Refreshing native plugins compatible for Editor in 0.36 ms, found 1 plugins.
Preloading 0 native plugins for Editor in 0.00 ms.
Unloading 1820 Unused Serialized files (Serialized files now loaded: 0)
System memory in use before: 88.7 MB.
System memory in use after: 88.7 MB.

Unloading 12 unused Assets to reduce memory usage. Loaded Objects now: 2306.
Total: 2.047100 ms (FindLiveObjects: 0.144200 ms CreateObjectMapping: 0.048300 ms MarkObjects: 1.756800 ms  DeleteObjects: 0.096500 ms)

========================================================================
Received Prepare
Registering precompiled user dll's ...
Registered in 0.001274 seconds.
Begin MonoManager ReloadAssembly
Native extension for WindowsStandalone target not found
Native extension for WebGL target not found
Refreshing native plugins compatible for Editor in 0.37 ms, found 1 plugins.
Preloading 0 native plugins for Editor in 0.00 ms.
Mono: successfully reloaded assembly
- Completed reload, in  0.800 seconds
Platform modules already initialized, skipping
Refreshing native plugins compatible for Editor in 0.35 ms, found 1 plugins.
Preloading 0 native plugins for Editor in 0.00 ms.
Unloading 1820 Unused Serialized files (Serialized files now loaded: 0)
System memory in use before: 88.7 MB.
System memory in use after: 88.7 MB.

Unloading 12 unused Assets to reduce memory usage. Loaded Objects now: 2310.
Total: 2.256300 ms (FindLiveObjects: 0.238300 ms CreateObjectMapping: 0.049000 ms MarkObjects: 1.833500 ms  DeleteObjects: 0.134100 ms)

========================================================================
Received Prepare
Registering precompiled user dll's ...
Registered in 0.001129 seconds.
Begin MonoManager ReloadAssembly
Native extension for WindowsStandalone target not found
Native extension for WebGL target not found
Refreshing native plugins compatible for Editor in 0.39 ms, found 1 plugins.
Preloading 0 native plugins for Editor in 0.00 ms.
Mono: successfully reloaded assembly
- Completed reload, in  0.936 seconds
Platform modules already initialized, skipping
Refreshing native plugins compatible for Editor in 0.36 ms, found 1 plugins.
Preloading 0 native plugins for Editor in 0.00 ms.
Unloading 1820 Unused Serialized files (Serialized files now loaded: 0)
System memory in use before: 88.7 MB.
System memory in use after: 88.7 MB.

Unloading 12 unused Assets to reduce memory usage. Loaded Objects now: 2314.
Total: 2.403800 ms (FindLiveObjects: 0.329000 ms CreateObjectMapping: 0.104000 ms MarkObjects: 1.858300 ms  DeleteObjects: 0.111000 ms)

========================================================================
Received Prepare
Registering precompiled user dll's ...
Registered in 0.001739 seconds.
Begin MonoManager ReloadAssembly
Native extension for WindowsStandalone target not found
Native extension for WebGL target not found
Refreshing native plugins compatible for Editor in 0.36 ms, found 1 plugins.
Preloading 0 native plugins for Editor in 0.00 ms.
Mono: successfully reloaded assembly
- Completed reload, in  0.802 seconds
Platform modules already initialized, skipping
Refreshing native plugins compatible for Editor in 0.36 ms, found 1 plugins.
Preloading 0 native plugins for Editor in 0.00 ms.
Unloading 1820 Unused Serialized files (Serialized files now loaded: 0)
System memory in use before: 88.7 MB.
System memory in use after: 88.7 MB.

Unloading 12 unused Assets to reduce memory usage. Loaded Objects now: 2318.
Total: 2.185700 ms (FindLiveObjects: 0.219300 ms CreateObjectMapping: 0.100400 ms MarkObjects: 1.766900 ms  DeleteObjects: 0.097900 ms)

========================================================================
Received Prepare
Registering precompiled user dll's ...
Registered in 0.002843 seconds.
Begin MonoManager ReloadAssembly
Native extension for WindowsStandalone target not found
Native extension for WebGL target not found
Refreshing native plugins compatible for Editor in 0.35 ms, found 1 plugins.
Preloading 0 native plugins for Editor in 0.00 ms.
Mono: successfully reloaded assembly
- Completed reload, in  0.854 seconds
Platform modules already initialized, skipping
Refreshing native plugins compatible for Editor in 0.80 ms, found 1 plugins.
Preloading 0 native plugins for Editor in 0.00 ms.
Unloading 1820 Unused Serialized files (Serialized files now loaded: 0)
System memory in use before: 88.7 MB.
System memory in use after: 88.7 MB.

Unloading 12 unused Assets to reduce memory usage. Loaded Objects now: 2322.
Total: 3.046600 ms (FindLiveObjects: 0.431200 ms CreateObjectMapping: 0.387900 ms MarkObjects: 2.117400 ms  DeleteObjects: 0.108700 ms)

AssetImportWorkerClient::OnTransportError - code=2 error=End of file
